<?xml version="1.0" encoding="UTF-8"?>
<!-- Generated by org.testng.reporters.JUnitXMLReporter -->
<testsuite hostname="Scientist" ignored="0" name="WordpressTest" tests="2" failures="1" timestamp="24 Aug 2021 06:36:28 GMT" time="54.408" errors="0">
  <testcase name="loginTest" time="9.039" classname="com.wordpress.TestCases.TC001_LoginTest"/>
  <testcase name="setMyProfile" time="27.177" classname="com.wordpress.TestCases.TC002_MyProfilePage">
    <failure type="org.openqa.selenium.ElementClickInterceptedException" message="element click intercepted: Element &amp;lt;input type=&amp;quot;text&amp;quot; id=&amp;quot;first_name&amp;quot; name=&amp;quot;first_name&amp;quot; class=&amp;quot;form-text-input&amp;quot; value=&amp;quot; John_1629786982818&amp;quot; disabled=&amp;quot;&amp;quot;&amp;gt; is not clickable at point (922, 98). Other element would receive the click: &amp;lt;span class=&amp;quot;notice__content&amp;quot;&amp;gt;...&amp;lt;/span&amp;gt;
  (Session info: chrome=92.0.4515.159)
Build info: version: &amp;apos;3.141.59&amp;apos;, revision: &amp;apos;e82be7d358&amp;apos;, time: &amp;apos;2018-11-14T08:17:03&amp;apos;
System info: host: &amp;apos;SCIENTIST&amp;apos;, ip: &amp;apos;192.168.29.3&amp;apos;, os.name: &amp;apos;Windows 10&amp;apos;, os.arch: &amp;apos;amd64&amp;apos;, os.version: &amp;apos;10.0&amp;apos;, java.version: &amp;apos;1.8.0_171&amp;apos;
Driver info: org.openqa.selenium.chrome.ChromeDriver
Capabilities {acceptInsecureCerts: false, browserName: chrome, browserVersion: 92.0.4515.159, chrome: {chromedriverVersion: 92.0.4515.107 (87a818b10553..., userDataDir: C:\Users\Allwyn\AppData\Loc...}, goog:chromeOptions: {debuggerAddress: localhost:59117}, javascriptEnabled: true, networkConnectionEnabled: false, pageLoadStrategy: normal, platform: WINDOWS, platformName: WINDOWS, proxy: Proxy(), setWindowRect: true, strictFileInteractability: false, timeouts: {implicit: 0, pageLoad: 300000, script: 30000}, unhandledPromptBehavior: dismiss and notify, webauthn:extension:credBlob: true, webauthn:extension:largeBlob: true, webauthn:virtualAuthenticators: true}
Session ID: 945ff7cd204efab2482e4c96754f7539">
      <![CDATA[org.openqa.selenium.ElementClickInterceptedException: element click intercepted: Element <input type="text" id="first_name" name="first_name" class="form-text-input" value=" John_1629786982818" disabled=""> is not clickable at point (922, 98). Other element would receive the click: <span class="notice__content">...</span>
  (Session info: chrome=92.0.4515.159)
Build info: version: '3.141.59', revision: 'e82be7d358', time: '2018-11-14T08:17:03'
System info: host: 'SCIENTIST', ip: '192.168.29.3', os.name: 'Windows 10', os.arch: 'amd64', os.version: '10.0', java.version: '1.8.0_171'
Driver info: org.openqa.selenium.chrome.ChromeDriver
Capabilities {acceptInsecureCerts: false, browserName: chrome, browserVersion: 92.0.4515.159, chrome: {chromedriverVersion: 92.0.4515.107 (87a818b10553..., userDataDir: C:\Users\Allwyn\AppData\Loc...}, goog:chromeOptions: {debuggerAddress: localhost:59117}, javascriptEnabled: true, networkConnectionEnabled: false, pageLoadStrategy: normal, platform: WINDOWS, platformName: WINDOWS, proxy: Proxy(), setWindowRect: true, strictFileInteractability: false, timeouts: {implicit: 0, pageLoad: 300000, script: 30000}, unhandledPromptBehavior: dismiss and notify, webauthn:extension:credBlob: true, webauthn:extension:largeBlob: true, webauthn:virtualAuthenticators: true}
Session ID: 945ff7cd204efab2482e4c96754f7539
at org.openqa.selenium.remote.http.W3CHttpResponseCodec.createException(W3CHttpResponseCodec.java:187)
at org.openqa.selenium.remote.http.W3CHttpResponseCodec.decode(W3CHttpResponseCodec.java:122)
at org.openqa.selenium.remote.http.W3CHttpResponseCodec.decode(W3CHttpResponseCodec.java:49)
at org.openqa.selenium.remote.HttpCommandExecutor.execute(HttpCommandExecutor.java:158)
at org.openqa.selenium.remote.service.DriverCommandExecutor.execute(DriverCommandExecutor.java:83)
at org.openqa.selenium.remote.RemoteWebDriver.execute(RemoteWebDriver.java:552)
at org.openqa.selenium.remote.RemoteWebElement.execute(RemoteWebElement.java:285)
at org.openqa.selenium.remote.RemoteWebElement.click(RemoteWebElement.java:84)
at org.openqa.selenium.support.pagefactory.internal.LocatingElementHandler.invoke(LocatingElementHandler.java:51)
at com.sun.proxy.$Proxy12.click(Unknown Source)
at com.wordpress.PageObjects.MyProfilePage.validateFirstName(MyProfilePage.java:165)
at com.wordpress.TestCases.TC002_MyProfilePage.setMyProfile(TC002_MyProfilePage.java:54)
... Removed 33 stack frames]]>
    </failure>
  </testcase> <!-- setMyProfile -->
</testsuite> <!-- WordpressTest -->
